<?xml version="1.0" encoding="UTF-8"?>
<!-- Generated by org.testng.reporters.JUnitReportReporter -->
<testsuite hostname="SHI58495EU1235D" name="com.shi.RCTP.DriverTest" tests="1" failures="0" timestamp="10 Jun 2014 19:06:00 GMT" time="1.282" errors="0">
  <testcase name="driverTest" time="1.282" classname="com.shi.RCTP.DriverTest"/>
</testsuite> <!-- com.shi.RCTP.DriverTest -->
